<?xml version="1.0" encoding="UTF-8"?>
<testng-results ignored="0" total="2" passed="2" failed="0" skipped="0">
  <reporter-output>
  </reporter-output>
  <suite started-at="2026-04-04T09:54:11 IST" name="Default suite" finished-at="2026-04-04T09:58:30 IST" duration-ms="258653">
    <groups>
    </groups>
    <test started-at="2026-04-04T09:54:11 IST" name="Default test" finished-at="2026-04-04T09:58:30 IST" duration-ms="258653">
      <class name="tests.LoginTest">
        <test-method is-config="true" signature="startReport()[pri:0, instance:tests.LoginTest@6ad82709]" started-at="2026-04-04T09:54:10 IST" name="startReport" finished-at="2026-04-04T09:54:11 IST" duration-ms="481" status="PASS">
          <reporter-output>
          </reporter-output>
        </test-method> <!-- startReport -->
        <test-method is-config="true" signature="setUp()[pri:0, instance:tests.LoginTest@6ad82709]" started-at="2026-04-04T09:54:11 IST" name="setUp" finished-at="2026-04-04T09:54:20 IST" duration-ms="9143" status="PASS">
          <reporter-output>
          </reporter-output>
        </test-method> <!-- setUp -->
        <test-method signature="navigateToEmailLogin()[pri:0, instance:tests.LoginTest@6ad82709]" started-at="2026-04-04T09:54:20 IST" name="navigateToEmailLogin" finished-at="2026-04-04T09:54:43 IST" duration-ms="22479" status="PASS">
          <reporter-output>
          </reporter-output>
        </test-method> <!-- navigateToEmailLogin -->
        <test-method signature="playNewMusicReleaseSong()[pri:0, instance:tests.LoginTest@6ad82709]" started-at="2026-04-04T09:54:43 IST" name="playNewMusicReleaseSong" finished-at="2026-04-04T09:58:29 IST" depends-on-methods="tests.LoginTest.navigateToEmailLogin" duration-ms="226108" status="PASS">
          <reporter-output>
          </reporter-output>
        </test-method> <!-- playNewMusicReleaseSong -->
        <test-method is-config="true" signature="tearDown()[pri:0, instance:tests.LoginTest@6ad82709]" started-at="2026-04-04T09:58:29 IST" name="tearDown" finished-at="2026-04-04T09:58:30 IST" duration-ms="843" status="PASS">
          <reporter-output>
          </reporter-output>
        </test-method> <!-- tearDown -->
        <test-method is-config="true" signature="endReport()[pri:0, instance:tests.LoginTest@6ad82709]" started-at="2026-04-04T09:58:30 IST" name="endReport" finished-at="2026-04-04T09:58:30 IST" duration-ms="406" status="PASS">
          <reporter-output>
          </reporter-output>
        </test-method> <!-- endReport -->
      </class> <!-- tests.LoginTest -->
    </test> <!-- Default test -->
  </suite> <!-- Default suite -->
</testng-results>
